#
# A fatal error has been detected by the Java Runtime Environment:
#
#  SIGSEGV (0xb) at pc=0x00007f9a52bc30ad, pid=19713, tid=31145
#
# JRE version: OpenJDK Runtime Environment (11.0.7+10) (build 11.0.7+10-post-Ubuntu-2ubuntu219.10)
# Java VM: OpenJDK 64-Bit Server VM (11.0.7+10-post-Ubuntu-2ubuntu219.10, mixed mode, sharing, tiered, compressed oops, g1 gc, linux-amd64)
# Problematic frame:
# C  [libjimage.so+0x30ad]
#
# Core dump will be written. Default location: Core dumps may be processed with "/usr/share/apport/apport %p %s %c %d %P %E" (or dumping to /home/sam/Desktop/ntcc/src/package/core.19713)
#
# If you would like to submit a bug report, please visit:
#   https://bugs.launchpad.net/ubuntu/+source/openjdk-lts
#

---------------  S U M M A R Y ------------

Command Line: ntccproj

Host: Intel(R) Core(TM) i5-8250U CPU @ 1.60GHz, 8 cores, 7G, Ubuntu 19.10
Time: Tue May 12 00:37:57 2020 +0545 elapsed time: 15030 seconds (0d 4h 10m 30s)

---------------  T H R E A D  ---------------

Current thread (0x00007f9a44001000):  JavaThread "XToolkt-Shutdown-Thread" [_thread_in_vm, id=31145, stack(0x00007f9a4beff000,0x00007f9a4c000000)]

Stack: [0x00007f9a4beff000,0x00007f9a4c000000],  sp=0x00007f9a4bffd060,  free space=1016k
Native frames: (J=compiled Java code, A=aot compiled Java code, j=interpreted, Vv=VM code, C=native code)
C  [libjimage.so+0x30ad]
C  [libjimage.so+0x3da2]
C  [libjimage.so+0x42b1]  JIMAGE_FindResource+0xf1
V  [libjvm.so+0x57f141]
V  [libjvm.so+0x5818f1]
V  [libjvm.so+0xceb2cd]
V  [libjvm.so+0xce9e5a]
V  [libjvm.so+0xcec41b]
V  [libjvm.so+0x62f1ea]
V  [libjvm.so+0xa0e4ca]
V  [libjvm.so+0xa1515b]
V  [libjvm.so+0x81d383]
V  [libjvm.so+0x81d9f1]
j  sun.awt.X11.XToolkit.lambda$init$0()V+0 java.desktop@11.0.7
j  sun.awt.X11.XToolkit$$Lambda$10.run()V+4 java.desktop@11.0.7
j  java.lang.Thread.run()V+11 java.base@11.0.7
v  ~StubRoutines::call_stub
V  [libjvm.so+0x823b79]
V  [libjvm.so+0x8221ce]
V  [libjvm.so+0x8cb101]
V  [libjvm.so+0xd21f1f]
V  [libjvm.so+0xd1e7f0]
V  [libjvm.so+0xb8e7b6]

Java frames: (J=compiled Java code, j=interpreted, Vv=VM code)
j  sun.awt.X11.XToolkit.lambda$init$0()V+0 java.desktop@11.0.7
j  sun.awt.X11.XToolkit$$Lambda$10.run()V+4 java.desktop@11.0.7
j  java.lang.Thread.run()V+11 java.base@11.0.7
v  ~StubRoutines::call_stub

siginfo: si_signo: 11 (SIGSEGV), si_code: 1 (SEGV_MAPERR), si_addr: 0x00007f9a4391fcf8

Register to memory mapping:

RAX=